2025-12-01 10:27:13:2713 [33mwarn[39m: [33mGET /api/healtht 404 - 2ms[39m
2025-12-01 14:02:51:251 [33mwarn[39m: [33mGET /api/seats/pricing/692d9d42338089a6748e2641/692d9b52338089a6748e21c0 500 - 61ms[39m
2025-12-01 14:08:03:83 [33mwarn[39m: [33mGET /api/pricing/692d9d42338089a6748e2641/692d9b52338089a6748e21c0 500 - 7ms[39m
2025-12-02 14:12:11:1211 [33mwarn[39m: [33mGET /api/seats/pricing/692d9d7a338089a6748e2648/692d9b52338089a6748e21c3 500 - 75ms[39m
2025-12-02 14:15:13:1513 [33mwarn[39m: [33mGET /api/seats/pricing/692d9d7a338089a6748e2648/692d9b52338089a6748e21c3 500 - 76ms[39m
2025-12-02 15:36:17:3617 [33mwarn[39m: [33mGET /api/api/auth/signup 500 - 5ms[39m
2025-12-02 15:37:01:371 [33mwarn[39m: [33mGET /api/auth/signup 401 - 3ms[39m
2025-12-02 15:37:07:377 [33mwarn[39m: [33mGET /api/auth/signup 401 - 1ms[39m
2025-12-02 15:52:43:5243 [33mwarn[39m: [33mGET /api/auth/signup 500 - 6ms[39m
2025-12-02 15:54:00:540 [33mwarn[39m: [33mGET /api/auth/signup 500 - 5ms[39m
2025-12-02 15:56:50:5650 [33mwarn[39m: [33mGET /api/auth/signup 500 - 3ms[39m
2025-12-02 15:57:58:5758 [33mwarn[39m: [33mGET /api/auth/signup 500 - 2ms[39m
2025-12-03 12:43:46:4346 [33mwarn[39m: [33mGET /api/auth/signup 500 - 8ms[39m
2025-12-03 12:46:23:4623 [33mwarn[39m: [33mGET /api/auth/signup 500 - 2ms[39m
2025-12-03 12:46:25:4625 [33mwarn[39m: [33mGET /api/auth/signup 500 - 1ms[39m
2025-12-03 13:04:59:459 [33mwarn[39m: [33mPOST /api/auth/signup 400 - 7ms[39m
2025-12-03 13:26:35:2635 [31merror[39m: [31mUnhandled error: Expected double-quoted property name in JSON at position 67 (line 4 column 1)[39m
2025-12-03 13:31:06:316 [33mwarn[39m: [33mPOST /api/auth/login 401 - 37ms[39m
2025-12-03 13:31:26:3126 [33mwarn[39m: [33mPOST /api/auth/login 401 - 260ms[39m
2025-12-03 13:38:00:380 [33mwarn[39m: [33mPATCH /api/auth/update-password 401 - 5ms[39m
2025-12-03 13:39:05:395 [33mwarn[39m: [33mPOST /api/auth/login 401 - 252ms[39m
2025-12-03 13:39:11:3911 [33mwarn[39m: [33mPOST /api/auth/login 401 - 257ms[39m
2025-12-03 13:44:40:4440 [33mwarn[39m: [33mGET /api/auth/profile 401 - 7ms[39m
2025-12-04 14:16:26:1626 [33mwarn[39m: [33mPOST /api/bookings 401 - 6ms[39m
2025-12-04 14:19:37:1937 [33mwarn[39m: [33mPOST /api/bookings 400 - 333ms[39m
2025-12-04 14:23:06:236 [33mwarn[39m: [33mPOST /api/bookings 400 - 391ms[39m
2025-12-04 14:24:30:2430 [33mwarn[39m: [33mPOST /api/bookings 400 - 330ms[39m
2025-12-04 14:40:29:4029 [33mwarn[39m: [33mPOST /api/auth/signup 400 - 30ms[39m
2025-12-04 14:41:41:4141 [33mwarn[39m: [33mPOST /api/bookings 400 - 266ms[39m
2025-12-05 12:03:12:312 [33mwarn[39m: [33mPOST /api/auth/login 401 - 559ms[39m
2025-12-05 12:29:41:2941 [33mwarn[39m: [33mPOST /api/api/bookings 404 - 2ms[39m
2025-12-05 12:29:49:2949 [33mwarn[39m: [33mPOST /api/bookings 400 - 313ms[39m
2025-12-05 12:59:02:592 [33mwarn[39m: [33mGET /api/api/bookings/VHMISUQMJHBJMIR 404 - 2ms[39m
2025-12-05 13:03:48:348 [33mwarn[39m: [33mGET /api/bookings/VHMISUQMJHBJMIR 404 - 62ms[39m
2025-12-05 13:04:27:427 [33mwarn[39m: [33mGET /api/bookings/VHMISUQMJHBJMIR 404 - 79ms[39m
2025-12-05 13:04:29:429 [33mwarn[39m: [33mGET /api/bookings/VHMISUQMJHBJMIR 404 - 59ms[39m
2025-12-05 13:04:47:447 [33mwarn[39m: [33mGET /api/bookings/VHMISUQMJHBJMIR 401 - 2ms[39m
2025-12-05 13:04:53:453 [33mwarn[39m: [33mGET /api/bookings/VHMISUQMJHBJMIR 404 - 60ms[39m
2025-12-05 13:04:59:459 [33mwarn[39m: [33mGET /api/bookings/6932d28713f9d7ee29db9246 404 - 56ms[39m
2025-12-05 13:09:54:954 [33mwarn[39m: [33mGET /api/bookings/VHMISUQMJHBJMIR 404 - 74ms[39m
2025-12-05 13:10:23:1023 [33mwarn[39m: [33mGET /api/bookings/VHMISUQMJHBJMIR 404 - 58ms[39m
2025-12-05 13:11:18:1118 [33mwarn[39m: [33mGET /api/bookings/VHMISUQMJHBJMIR 404 - 73ms[39m
2025-12-05 15:22:42:2242 [33mwarn[39m: [33mGET /api/api/bookings/my-bookings 404 - 4ms[39m
2025-12-05 15:22:59:2259 [33mwarn[39m: [33mGET /api/bookings/my-bookings 401 - 2ms[39m
2025-12-05 15:34:02:342 [33mwarn[39m: [33mPUT /api/bookings/693199f70f6314843c55f109/cancel 400 - 63ms[39m
2025-12-05 15:34:22:3422 [33mwarn[39m: [33mPUT /api/bookings/VHMIRJ3L8CEXXD8/cancel 400 - 63ms[39m
2025-12-05 15:34:57:3457 [33mwarn[39m: [33mPUT /api/bookings/VHMIRJOQRYEIISB/cancel 400 - 63ms[39m
2025-12-05 15:34:58:3458 [33mwarn[39m: [33mPUT /api/bookings/VHMIRJOQRYEIISB/cancel 400 - 61ms[39m
2025-12-05 15:35:12:3512 [33mwarn[39m: [33mPUT /api/bookings/VHMISUQMJHBJMIR/cancel 400 - 63ms[39m
2025-12-06 21:33:19:3319 [33mwarn[39m: [33mPOST /api/bookings 400 - 626ms[39m
2025-12-06 21:35:41:3541 [33mwarn[39m: [33mPOST /api/auth/login 401 - 290ms[39m
2025-12-06 21:37:32:3732 [33mwarn[39m: [33mPOST /api/bookings 400 - 690ms[39m
2026-01-01 10:27:26:2726 [33mwarn[39m: [33mPOST /api/bookings 401 - 4ms[39m
2026-01-01 10:28:15:2815 [33mwarn[39m: [33mPOST /api/bookings 401 - 3ms[39m
2026-01-01 10:33:22:3322 [33mwarn[39m: [33mPOST /api/bookings 400 - 168ms[39m
2026-01-01 10:34:10:3410 [33mwarn[39m: [33mPOST /api/bookings 400 - 226ms[39m
2026-01-01 10:37:01:371 [33mwarn[39m: [33mPUT /api/bookings/69564e2f22bd65e5c678ced2/cancel 400 - 32ms[39m
2026-01-01 10:40:41:4041 [33mwarn[39m: [33mPUT /api/bookings/69564e2f22bd65e5c678ced2/cancel 400 - 48ms[39m
2026-01-01 10:40:49:4049 [33mwarn[39m: [33mPUT /api/bookings/69564e2f22bd65e5c678ced2/cancel 400 - 33ms[39m
2026-01-01 10:41:14:4114 [33mwarn[39m: [33mPUT /api/bookings/69564e2f22bd65e5c678ced2/cancel 400 - 36ms[39m
2026-01-01 10:42:06:426 [33mwarn[39m: [33mPUT /api/bookings/69564e2f22bd65e5c678ced2/cancel 400 - 44ms[39m
2026-01-01 10:43:49:4349 [33mwarn[39m: [33mPUT /api/bookings/69564e2f22bd65e5c678ced2/cancel 400 - 68ms[39m
2026-01-01 10:48:32:4832 [33mwarn[39m: [33mGET /api/bookings/69564e2f22bd65e5c678ced2 401 - 12ms[39m
2026-01-01 10:48:39:4839 [33mwarn[39m: [33mGET /api/bookings/69564e2f22bd65e5c678ced2 404 - 43ms[39m
2026-01-01 10:50:41:5041 [33mwarn[39m: [33mPUT /api/bookings/69564e2f22bd65e5c678ced2/cancel 400 - 35ms[39m
2026-01-01 15:31:40:3140 [32minfo[39m: [32mServing login page[39m
2026-01-01 15:31:40:3140 [33mwarn[39m: [33mGET /favicon.ico 404 - 13ms[39m
2026-01-01 15:31:50:3150 [32minfo[39m: [32mServing signup page[39m
2026-01-01 15:40:19:4019 [32minfo[39m: [32mServing login page[39m
2026-01-01 15:40:21:4021 [32minfo[39m: [32mServing signup page[39m
2026-01-01 15:54:55:5455 [32minfo[39m: [32mServing login page[39m
2026-01-01 15:56:00:560 [32minfo[39m: [32mServing login page[39m
2026-01-01 15:56:09:569 [33mwarn[39m: [33mPOST /api/auth/login 401 - 28ms[39m
2026-01-01 15:57:31:5731 [32minfo[39m: [32mServing login page[39m
2026-01-01 21:27:11:2711 [32minfo[39m: [32mServing login page[39m
2026-01-01 21:27:17:2717 [33mwarn[39m: [33mPOST /api/auth/login 401 - 24ms[39m
2026-01-01 21:28:33:2833 [32minfo[39m: [32mServing login page[39m
2026-01-01 21:28:36:2836 [32minfo[39m: [32mServing login page[39m
2026-01-01 21:29:54:2954 [32minfo[39m: [32mServing login page[39m
2026-01-01 21:30:13:3013 [32minfo[39m: [32mServing login page[39m
2026-01-01 21:30:16:3016 [32minfo[39m: [32mServing signup page[39m
2026-01-01 21:31:01:311 [32minfo[39m: [32mServing signup page[39m
2026-01-01 21:31:22:3122 [32minfo[39m: [32mServing signup page[39m
2026-01-01 21:32:40:3240 [32minfo[39m: [32mServing login page[39m
2026-01-01 21:43:21:4321 [32minfo[39m: [32mServing login page[39m
2026-01-01 22:08:05:85 [32minfo[39m: [32mServing login page[39m
2026-01-01 22:10:29:1029 [32minfo[39m: [32mServing login page[39m
2026-01-01 22:10:39:1039 [33mwarn[39m: [33mPOST /api/auth/login 401 - 28ms[39m
2026-01-02 16:46:56:4656 [33mwarn[39m: [33mGET /favicon.ico 404 - 28ms[39m
2026-01-02 16:47:31:4731 [32minfo[39m: [32mServing login page[39m
2026-01-02 17:04:08:48 [32minfo[39m: [32mServing login page[39m
2026-01-02 17:04:24:424 [32minfo[39m: [32mServing login page[39m
2026-01-02 17:04:48:448 [32minfo[39m: [32mServing login page[39m
2026-01-02 17:05:00:50 [32minfo[39m: [32mServing login page[39m
2026-01-02 17:05:03:53 [32minfo[39m: [32mServing signup page[39m
2026-01-02 17:05:08:58 [32minfo[39m: [32mServing login page[39m
2026-01-02 17:05:09:59 [32minfo[39m: [32mServing signup page[39m
2026-01-02 17:05:10:510 [32minfo[39m: [32mServing login page[39m
2026-01-02 17:15:05:155 [32minfo[39m: [32mServing login page[39m
